<?xml version="1.0" encoding="UTF-8"?>
<!-- Generated by org.testng.reporters.JUnitReportReporter -->
<testsuite hostname="Lenovo-PC" failures="0" tests="1" name="testscripts.TC_01" time="41.115" errors="0" timestamp="11 Jul 2021 12:28:52 GMT">
  <testcase classname="testscripts.TC_01" name="TC01" time="41.115"/>
</testsuite> <!-- testscripts.TC_01 -->
