<?xml version="1.0" encoding="UTF-8"?>
<!-- Generated by org.testng.reporters.JUnitReportReporter -->
<testsuite hostname="Lenovo-PC" failures="0" tests="1" name="testscripts.TC_03_Logout" time="55.869" errors="0" timestamp="11 Jul 2021 14:06:44 GMT">
  <testcase classname="testscripts.TC_03_Logout" name="TC_03Logout" time="55.869"/>
</testsuite> <!-- testscripts.TC_03_Logout -->
