<?xml version="1.0" encoding="UTF-8"?>
<!-- Generated by org.testng.reporters.JUnitReportReporter -->
<testsuite hostname="Lenovo-PC" failures="0" tests="1" name="testscripts.TC_04_Forgot_Reset" time="45.563" errors="0" timestamp="11 Jul 2021 14:06:45 GMT">
  <testcase classname="testscripts.TC_04_Forgot_Reset" name="TC_04Forgot_reset" time="45.563"/>
</testsuite> <!-- testscripts.TC_04_Forgot_Reset -->
