<?xml version="1.0" encoding="UTF-8"?>
<!-- Generated by org.testng.reporters.JUnitReportReporter -->
<testsuite hostname="Lenovo-PC" failures="0" tests="1" name="testscripts.TC_02_Login" time="45.621" errors="0" timestamp="11 Jul 2021 14:06:44 GMT">
  <testcase classname="testscripts.TC_02_Login" name="TC_02_LOGIN" time="45.621"/>
</testsuite> <!-- testscripts.TC_02_Login -->
